<?xml version="1.0" encoding="UTF-8"?>
<testsuite name="com.csc.TestCheeseAnalyzer" tests="1" skipped="0" failures="0" errors="0" timestamp="2024-10-19T21:58:00" hostname="ZEEL" time="0.052">
  <properties/>
  <testcase name="testAnalyzeCheeseData()" classname="com.csc.TestCheeseAnalyzer" time="0.052"/>
  <system-out><![CDATA[]]></system-out>
  <system-err><![CDATA[]]></system-err>
</testsuite>
